TN:
SF:src/api/analysisEngine.js
FN:3,clamp
FN:7,parseMoves
FN:24,classifyMoves
FN:28,(anonymous_3)
FN:49,inferAccuracy
FN:60,buildCriticalMoments
FN:62,(anonymous_6)
FN:63,(anonymous_7)
FN:69,buildCoachingAdvice
FN:84,summarizeOpening
FN:91,analyzeGameLocally
FN:95,(anonymous_11)
FN:95,(anonymous_12)
FN:96,(anonymous_13)
FN:96,(anonymous_14)
FN:112,(anonymous_15)
FN:112,(anonymous_16)
FNF:17
FNH:17
FNDA:2,clamp
FNDA:1,parseMoves
FNDA:1,classifyMoves
FNDA:10,(anonymous_3)
FNDA:2,inferAccuracy
FNDA:1,buildCriticalMoments
FNDA:5,(anonymous_6)
FNDA:3,(anonymous_7)
FNDA:1,buildCoachingAdvice
FNDA:1,summarizeOpening
FNDA:1,analyzeGameLocally
FNDA:4,(anonymous_11)
FNDA:2,(anonymous_12)
FNDA:4,(anonymous_13)
FNDA:2,(anonymous_14)
FNDA:1,(anonymous_15)
FNDA:1,(anonymous_16)
DA:1,3
DA:4,2
DA:8,1
DA:10,1
DA:11,5
DA:12,5
DA:13,5
DA:14,5
DA:15,5
DA:17,5
DA:18,5
DA:21,1
DA:25,1
DA:26,1
DA:28,1
DA:29,10
DA:30,10
DA:31,10
DA:32,4
DA:37,6
DA:38,2
DA:46,1
DA:50,2
DA:51,2
DA:56,2
DA:57,2
DA:61,1
DA:62,5
DA:63,3
DA:70,1
DA:71,1
DA:72,1
DA:74,1
DA:75,0
DA:77,1
DA:78,0
DA:80,1
DA:81,1
DA:85,1
DA:86,1
DA:88,0
DA:92,1
DA:93,1
DA:95,4
DA:96,4
DA:98,1
DA:112,1
LF:47
LH:44
BRDA:7,0,0,1
BRDA:10,1,0,1
BRDA:10,1,1,5
BRDA:14,2,0,5
BRDA:14,2,1,0
BRDA:17,3,0,5
BRDA:17,3,1,0
BRDA:29,4,0,10
BRDA:29,4,1,0
BRDA:31,5,0,4
BRDA:31,5,1,6
BRDA:37,6,0,2
BRDA:37,6,1,4
BRDA:50,7,0,0
BRDA:50,7,1,2
BRDA:51,8,0,2
BRDA:51,8,1,0
BRDA:52,9,0,1
BRDA:52,9,1,1
BRDA:53,10,0,0
BRDA:53,10,1,0
BRDA:54,11,0,0
BRDA:54,11,1,0
BRDA:65,12,0,1
BRDA:65,12,1,2
BRDA:71,13,0,1
BRDA:71,13,1,0
BRDA:74,14,0,0
BRDA:74,14,1,1
BRDA:77,15,0,0
BRDA:77,15,1,1
BRDA:85,16,0,1
BRDA:85,16,1,0
BRDA:86,17,0,1
BRDA:86,17,1,0
BRDA:91,18,0,1
BRF:36
BRH:22
end_of_record
TN:
SF:src/components/chess/FetchGamesForm.jsx
FN:13,FetchGamesForm
FN:20,(anonymous_1)
FN:46,(anonymous_2)
FN:172,(anonymous_3)
FNF:4
FNH:3
FNDA:13,FetchGamesForm
FNDA:2,(anonymous_1)
FNDA:6,(anonymous_2)
FNDA:0,(anonymous_3)
DA:14,13
DA:15,13
DA:16,13
DA:17,13
DA:18,13
DA:20,13
DA:21,2
DA:22,2
DA:31,13
DA:46,6
DA:172,0
LF:11
LH:10
BRDA:13,0,0,13
BRDA:23,1,0,1
BRDA:23,1,1,1
BRDA:25,2,0,0
BRDA:25,2,1,2
BRDA:26,3,0,0
BRDA:26,3,1,2
BRDA:27,4,0,2
BRDA:27,4,1,0
BRDA:61,5,0,12
BRDA:61,5,1,1
BRDA:73,6,0,0
BRDA:73,6,1,13
BRDA:85,7,0,0
BRDA:85,7,1,13
BRDA:97,8,0,1
BRDA:97,8,1,12
BRDA:110,9,0,13
BRDA:110,9,1,0
BRDA:120,10,0,0
BRDA:120,10,1,0
BRDA:124,11,0,0
BRDA:124,11,1,0
BRDA:145,12,0,0
BRDA:145,12,1,0
BRDA:149,13,0,0
BRDA:149,13,1,0
BRDA:166,14,0,13
BRDA:166,14,1,0
BRDA:181,15,0,13
BRDA:181,15,1,1
BRDA:192,16,0,13
BRDA:192,16,1,13
BRDA:192,16,2,12
BRDA:194,17,0,0
BRDA:194,17,1,13
BRDA:202,18,0,1
BRDA:202,18,1,12
BRF:38
BRH:22
end_of_record
TN:
SF:src/components/chess/GameCard.jsx
FN:8,GameCard
FN:9,(anonymous_1)
FN:25,(anonymous_2)
FNF:3
FNH:2
FNDA:4,GameCard
FNDA:0,(anonymous_1)
FNDA:4,(anonymous_2)
DA:9,4
DA:10,0
DA:12,0
DA:13,0
DA:14,0
DA:16,0
DA:17,0
DA:18,0
DA:19,0
DA:21,0
DA:25,4
DA:26,4
DA:27,2
DA:28,2
DA:29,2
DA:30,0
DA:33,4
DA:35,4
LF:18
LH:8
BRDA:8,0,0,4
BRDA:10,1,0,0
BRDA:10,1,1,0
BRDA:13,2,0,0
BRDA:13,2,1,0
BRDA:13,2,2,0
BRDA:13,2,3,0
BRDA:16,3,0,0
BRDA:16,3,1,0
BRDA:18,4,0,0
BRDA:18,4,1,0
BRDA:26,5,0,2
BRDA:26,5,1,2
BRDA:28,6,0,0
BRDA:28,6,1,2
BRDA:29,7,0,2
BRDA:29,7,1,0
BRDA:33,8,0,4
BRDA:33,8,1,0
BRDA:48,9,0,4
BRDA:48,9,1,0
BRDA:50,10,0,4
BRDA:50,10,1,2
BRDA:56,11,0,4
BRDA:56,11,1,2
BRDA:60,12,0,4
BRDA:60,12,1,0
BRDA:69,13,0,4
BRDA:69,13,1,0
BRDA:71,14,0,4
BRDA:71,14,1,4
BRDA:78,15,0,4
BRDA:78,15,1,4
BRDA:88,16,0,4
BRDA:88,16,1,1
BRF:35
BRH:19
end_of_record
TN:
SF:src/components/chess/ProgressOverlay.jsx
FN:5,ProgressOverlay
FN:22,(anonymous_1)
FNF:2
FNH:1
FNDA:4,ProgressOverlay
FNDA:0,(anonymous_1)
DA:12,4
DA:14,0
DA:22,0
DA:23,0
DA:24,0
DA:25,0
DA:26,0
DA:27,0
DA:30,0
LF:9
LH:1
BRDA:7,0,0,4
BRDA:8,1,0,4
BRDA:9,2,0,4
BRDA:10,3,0,4
BRDA:12,4,0,4
BRDA:12,4,1,0
BRDA:23,5,0,0
BRDA:23,5,1,0
BRDA:24,6,0,0
BRDA:24,6,1,0
BRDA:25,7,0,0
BRDA:25,7,1,0
BRDA:26,8,0,0
BRDA:26,8,1,0
BRDA:37,9,0,0
BRDA:37,9,1,0
BRDA:38,10,0,0
BRDA:38,10,1,0
BRDA:39,11,0,0
BRDA:39,11,1,0
BRDA:43,12,0,4
BRDA:43,12,1,0
BRDA:43,13,0,0
BRDA:43,13,1,0
BRDA:46,14,0,4
BRDA:46,14,1,0
BRDA:46,14,2,0
BRDA:59,15,0,4
BRDA:59,15,1,0
BRF:29
BRH:8
end_of_record
TN:
SF:src/components/chess/SettingsModal.jsx
FN:23,SettingsModal
FN:38,(anonymous_1)
FN:40,(anonymous_2)
FN:46,(anonymous_3)
FN:62,(anonymous_4)
FN:85,(anonymous_5)
FN:89,(anonymous_6)
FN:96,(anonymous_7)
FN:127,(anonymous_8)
FN:166,(anonymous_9)
FN:175,(anonymous_10)
FN:192,(anonymous_11)
FN:258,(anonymous_12)
FNF:13
FNH:9
FNDA:89,SettingsModal
FNDA:824,(anonymous_1)
FNDA:4,(anonymous_2)
FNDA:2,(anonymous_3)
FNDA:1,(anonymous_4)
FNDA:0,(anonymous_5)
FNDA:0,(anonymous_6)
FNDA:585,(anonymous_7)
FNDA:0,(anonymous_8)
FNDA:623,(anonymous_9)
FNDA:412,(anonymous_10)
FNDA:79,(anonymous_11)
FNDA:0,(anonymous_12)
DA:24,89
DA:25,89
DA:26,89
DA:27,89
DA:28,89
DA:29,89
DA:30,89
DA:31,89
DA:32,89
DA:33,89
DA:34,89
DA:35,89
DA:36,89
DA:37,89
DA:38,824
DA:40,89
DA:41,4
DA:42,2
DA:46,89
DA:47,2
DA:48,2
DA:49,2
DA:50,2
DA:51,2
DA:52,2
DA:53,2
DA:54,2
DA:55,2
DA:56,2
DA:57,2
DA:58,2
DA:62,89
DA:63,1
DA:64,1
DA:65,1
DA:76,1
DA:77,1
DA:79,0
DA:81,1
DA:85,89
DA:86,0
DA:87,0
DA:89,0
DA:90,0
DA:92,0
DA:96,585
DA:97,89
DA:99,89
DA:127,0
DA:167,623
DA:176,412
DA:193,79
DA:194,79
DA:196,0
DA:197,0
DA:199,39
DA:200,39
DA:202,0
DA:203,0
DA:205,10
DA:206,10
DA:208,7
DA:209,7
DA:211,10
DA:212,10
DA:214,13
DA:215,13
DA:217,0
DA:258,0
LF:69
LH:56
BRDA:41,0,0,2
BRDA:41,0,1,2
BRDA:48,1,0,2
BRDA:48,1,1,0
BRDA:49,2,0,2
BRDA:49,2,1,0
BRDA:50,3,0,2
BRDA:50,3,1,0
BRDA:50,4,0,2
BRDA:50,4,1,2
BRDA:52,5,0,2
BRDA:52,5,1,1
BRDA:53,6,0,2
BRDA:53,6,1,0
BRDA:54,7,0,2
BRDA:54,7,1,2
BRDA:55,8,0,2
BRDA:55,8,1,1
BRDA:56,9,0,2
BRDA:56,9,1,2
BRDA:57,10,0,2
BRDA:57,10,1,2
BRDA:58,11,0,2
BRDA:58,11,1,2
BRDA:67,12,0,1
BRDA:67,12,1,0
BRDA:68,13,0,1
BRDA:68,13,1,1
BRDA:69,14,0,1
BRDA:69,14,1,0
BRDA:70,15,0,1
BRDA:70,15,1,1
BRDA:71,16,0,1
BRDA:71,16,1,0
BRDA:72,17,0,1
BRDA:72,17,1,0
BRDA:73,18,0,1
BRDA:73,18,1,0
BRDA:74,19,0,1
BRDA:74,19,1,0
BRDA:96,20,0,89
BRDA:96,20,1,0
BRDA:97,21,0,89
BRDA:97,21,1,0
BRDA:141,22,0,0
BRDA:141,22,1,89
BRDA:143,23,0,0
BRDA:143,23,1,89
BRDA:145,24,0,0
BRDA:145,24,1,89
BRDA:151,25,0,89
BRDA:151,25,1,0
BRDA:151,25,2,0
BRDA:152,26,0,0
BRDA:152,26,1,0
BRDA:180,27,0,412
BRDA:180,27,1,247
BRDA:182,28,0,412
BRDA:182,28,1,176
BRDA:194,29,0,0
BRDA:194,29,1,39
BRDA:194,29,2,0
BRDA:194,29,3,10
BRDA:194,29,4,7
BRDA:194,29,5,10
BRDA:194,29,6,13
BRDA:194,29,7,0
BRDA:226,30,0,89
BRDA:226,30,1,83
BRDA:246,31,0,89
BRDA:246,31,1,83
BRDA:268,32,0,1
BRDA:268,32,1,88
BRF:73
BRH:51
end_of_record
TN:
SF:src/components/ui/badge.jsx
FN:26,Badge
FNF:1
FNH:1
FNDA:6,Badge
DA:6,2
DA:31,6
LF:2
LH:2
BRF:0
BRH:0
end_of_record
TN:
SF:src/components/ui/button.jsx
FN:37,(anonymous_0)
FNF:1
FNH:1
FNDA:208,(anonymous_0)
DA:7,4
DA:37,4
DA:38,208
DA:39,208
DA:46,4
LF:5
LH:5
BRDA:37,0,0,208
BRDA:38,1,0,0
BRDA:38,1,1,208
BRF:3
BRH:2
end_of_record
TN:
SF:src/components/ui/calendar.jsx
FN:8,Calendar
FN:59,(anonymous_1)
FN:62,(anonymous_2)
FNF:3
FNH:0
FNDA:0,Calendar
FNDA:0,(anonymous_1)
FNDA:0,(anonymous_2)
DA:14,0
DA:60,0
DA:63,0
DA:69,2
LF:4
LH:1
BRDA:11,0,0,0
BRDA:37,1,0,0
BRDA:37,1,1,0
BRF:3
BRH:0
end_of_record
TN:
SF:src/components/ui/card.jsx
FN:5,(anonymous_0)
FN:13,(anonymous_1)
FN:21,(anonymous_2)
FN:29,(anonymous_3)
FN:37,(anonymous_4)
FN:42,(anonymous_5)
FNF:6
FNH:4
FNDA:36,(anonymous_0)
FNDA:13,(anonymous_1)
FNDA:13,(anonymous_2)
FNDA:0,(anonymous_3)
FNDA:36,(anonymous_4)
FNDA:0,(anonymous_5)
DA:5,3
DA:6,36
DA:11,3
DA:13,3
DA:14,13
DA:19,3
DA:21,3
DA:22,13
DA:27,3
DA:29,3
DA:30,0
DA:35,3
DA:37,3
DA:38,36
DA:40,3
DA:42,3
DA:43,0
DA:48,3
LF:18
LH:16
BRF:0
BRH:0
end_of_record
TN:
SF:src/components/ui/dialog.jsx
FN:17,(anonymous_0)
FN:28,(anonymous_1)
FN:49,(anonymous_2)
FN:59,(anonymous_3)
FN:69,(anonymous_4)
FN:77,(anonymous_5)
FNF:6
FNH:4
FNDA:87,(anonymous_0)
FNDA:89,(anonymous_1)
FNDA:85,(anonymous_2)
FNDA:0,(anonymous_3)
FNDA:85,(anonymous_4)
FNDA:0,(anonymous_5)
DA:7,2
DA:9,2
DA:11,2
DA:13,2
DA:15,2
DA:17,2
DA:18,87
DA:26,2
DA:28,2
DA:29,89
DA:47,2
DA:49,2
DA:53,85
DA:57,2
DA:59,2
DA:63,0
DA:67,2
DA:69,2
DA:70,85
DA:75,2
DA:77,2
DA:78,0
DA:83,2
LF:23
LH:21
BRF:0
BRH:0
end_of_record
TN:
SF:src/components/ui/input.jsx
FN:5,(anonymous_0)
FNF:1
FNH:1
FNDA:429,(anonymous_0)
DA:5,3
DA:6,429
DA:17,3
LF:3
LH:3
BRF:0
BRH:0
end_of_record
TN:
SF:src/components/ui/label.jsx
FN:11,(anonymous_0)
FNF:1
FNH:1
FNDA:577,(anonymous_0)
DA:7,3
DA:11,3
DA:12,577
DA:14,3
LF:4
LH:4
BRF:0
BRH:0
end_of_record
TN:
SF:src/components/ui/popover.jsx
FN:12,(anonymous_0)
FNF:1
FNH:0
FNDA:0,(anonymous_0)
DA:6,2
DA:8,2
DA:10,2
DA:12,2
DA:13,0
DA:25,2
LF:6
LH:5
BRDA:12,0,0,0
BRDA:12,1,0,0
BRF:2
BRH:0
end_of_record
TN:
SF:src/components/ui/progress.jsx
FN:8,(anonymous_0)
FNF:1
FNH:0
FNDA:0,(anonymous_0)
DA:6,1
DA:8,1
DA:9,0
DA:21,1
LF:4
LH:3
BRDA:18,0,0,0
BRDA:18,0,1,0
BRF:2
BRH:0
end_of_record
TN:
SF:src/components/ui/radio-group.jsx
FN:7,(anonymous_0)
FN:12,(anonymous_1)
FNF:2
FNH:2
FNDA:13,(anonymous_0)
FNDA:52,(anonymous_1)
DA:7,2
DA:8,13
DA:10,2
DA:12,2
DA:13,52
DA:27,2
LF:6
LH:6
BRF:0
BRH:0
end_of_record
TN:
SF:src/components/ui/select.jsx
FN:15,(anonymous_0)
FN:31,(anonymous_1)
FN:41,(anonymous_2)
FN:52,(anonymous_3)
FN:76,(anonymous_4)
FN:84,(anonymous_5)
FN:102,(anonymous_6)
FNF:7
FNH:5
FNDA:83,(anonymous_0)
FNDA:83,(anonymous_1)
FNDA:83,(anonymous_2)
FNDA:83,(anonymous_3)
FNDA:0,(anonymous_4)
FNDA:581,(anonymous_5)
FNDA:0,(anonymous_6)
DA:7,2
DA:9,2
DA:11,2
DA:13,2
DA:15,2
DA:16,83
DA:29,2
DA:31,2
DA:32,83
DA:39,2
DA:41,2
DA:42,83
DA:49,2
DA:52,2
DA:53,83
DA:74,2
DA:76,2
DA:77,0
DA:82,2
DA:84,2
DA:85,581
DA:100,2
DA:102,2
DA:103,0
DA:108,2
LF:25
LH:23
BRDA:52,0,0,83
BRDA:58,1,0,83
BRDA:58,1,1,83
BRDA:66,2,0,83
BRDA:66,2,1,83
BRF:5
BRH:5
end_of_record
TN:
SF:src/components/ui/tabs.jsx
FN:8,(anonymous_0)
FN:19,(anonymous_1)
FN:30,(anonymous_2)
FNF:3
FNH:3
FNDA:85,(anonymous_0)
FNDA:170,(anonymous_1)
FNDA:170,(anonymous_2)
DA:6,2
DA:8,2
DA:9,85
DA:17,2
DA:19,2
DA:20,170
DA:28,2
DA:30,2
DA:31,170
DA:39,2
LF:10
LH:10
BRF:0
BRH:0
end_of_record
TN:
SF:src/lib/utils.js
FN:4,cn
FNF:1
FNH:1
FNDA:3202,cn
DA:5,3202
LF:1
LH:1
BRF:0
BRH:0
end_of_record
TN:
SF:src/pages/Dashboard.jsx
FN:106,Dashboard
FN:113,(anonymous_1)
FN:114,(anonymous_2)
FN:128,(anonymous_3)
FN:134,(anonymous_4)
FN:137,(anonymous_5)
FN:141,(anonymous_6)
FN:157,(anonymous_7)
FN:157,(anonymous_8)
FN:192,(anonymous_9)
FN:192,(anonymous_10)
FN:196,(anonymous_11)
FN:196,(anonymous_12)
FN:200,(anonymous_13)
FN:206,(anonymous_14)
FN:210,(anonymous_15)
FN:216,(anonymous_16)
FN:223,(anonymous_17)
FN:228,(anonymous_18)
FN:236,(anonymous_19)
FN:256,(anonymous_20)
FN:302,(anonymous_21)
FN:312,(anonymous_22)
FN:323,(anonymous_23)
FN:360,(anonymous_24)
FN:375,(anonymous_25)
FN:385,(anonymous_26)
FN:389,(anonymous_27)
FNF:28
FNH:8
FNDA:4,Dashboard
FNDA:2,(anonymous_1)
FNDA:2,(anonymous_2)
FNDA:2,(anonymous_3)
FNDA:2,(anonymous_4)
FNDA:0,(anonymous_5)
FNDA:0,(anonymous_6)
FNDA:0,(anonymous_7)
FNDA:0,(anonymous_8)
FNDA:0,(anonymous_9)
FNDA:0,(anonymous_10)
FNDA:0,(anonymous_11)
FNDA:0,(anonymous_12)
FNDA:0,(anonymous_13)
FNDA:0,(anonymous_14)
FNDA:0,(anonymous_15)
FNDA:0,(anonymous_16)
FNDA:0,(anonymous_17)
FNDA:2,(anonymous_18)
FNDA:0,(anonymous_19)
FNDA:0,(anonymous_20)
FNDA:0,(anonymous_21)
FNDA:0,(anonymous_22)
FNDA:0,(anonymous_23)
FNDA:6,(anonymous_24)
FNDA:0,(anonymous_25)
FNDA:2,(anonymous_26)
FNDA:0,(anonymous_27)
DA:28,1
DA:107,4
DA:108,4
DA:109,4
DA:110,4
DA:111,4
DA:113,4
DA:114,2
DA:115,2
DA:116,2
DA:117,2
DA:122,2
DA:126,4
DA:128,2
DA:132,4
DA:134,2
DA:137,4
DA:140,4
DA:142,0
DA:144,0
DA:146,0
DA:148,0
DA:149,0
DA:150,0
DA:156,0
DA:157,0
DA:158,0
DA:162,0
DA:163,0
DA:166,0
DA:175,0
DA:176,0
DA:178,0
DA:179,0
DA:180,0
DA:185,0
DA:187,0
DA:191,0
DA:192,0
DA:193,0
DA:195,0
DA:196,0
DA:197,0
DA:201,0
DA:205,4
DA:207,0
DA:208,0
DA:211,0
DA:212,0
DA:216,4
DA:217,0
DA:218,0
DA:219,0
DA:220,0
DA:223,4
DA:224,0
DA:227,4
DA:228,4
DA:230,4
DA:236,0
DA:256,0
DA:302,0
DA:312,0
DA:323,0
DA:361,6
DA:375,0
DA:386,2
DA:389,0
LF:68
LH:26
BRDA:126,0,0,4
BRDA:132,1,0,4
BRDA:144,2,0,0
BRDA:144,2,1,0
BRDA:182,3,0,0
BRDA:182,3,1,0
BRDA:183,4,0,0
BRDA:183,4,1,0
BRDA:195,5,0,0
BRDA:195,5,1,0
BRDA:217,6,0,0
BRDA:217,6,1,0
BRDA:219,7,0,0
BRDA:219,7,1,0
BRDA:351,8,0,4
BRDA:351,8,1,1
BRDA:358,9,0,2
BRDA:358,9,1,2
BRDA:366,10,0,1
BRDA:366,10,1,1
BRF:20
BRH:8
end_of_record
TN:
SF:src/utils/index.ts
FN:4,createPageUrl
FNF:1
FNH:0
FNDA:0,createPageUrl
DA:5,0
LF:1
LH:0
BRF:0
BRH:0
end_of_record
